<?xml version="1.0" encoding="UTF-8"?>
<robot generator="Robot 6.0.1 (Python 3.10.7 on win32)" generated="20221123 19:22:38.384" rpa="false" schemaversion="3">
<suite id="s1" name="Gestioiframe" source="c:\Users\djema\RobotframeworkTrininAutomatisationII2\gestioiframe.robot">
<test id="s1-t1" name="Tes IFrame" line="5">
<kw name="Open Browser" library="SeleniumLibrary">
<arg>https://www.selenium.dev/selenium/docs/api/java/index.html?overview-summary.html</arg>
<arg>gc</arg>
<doc>Opens a new browser instance to the optional ``url``.</doc>
<msg timestamp="20221123 19:22:38.682" level="INFO">Opening browser 'gc' to base url 'https://www.selenium.dev/selenium/docs/api/java/index.html?overview-summary.html'.</msg>
<status status="PASS" starttime="20221123 19:22:38.681" endtime="20221123 19:22:44.381"/>
</kw>
<kw name="Maximize Browser Window" library="SeleniumLibrary">
<doc>Maximizes current browser window.</doc>
<status status="PASS" starttime="20221123 19:22:44.382" endtime="20221123 19:22:44.538"/>
</kw>
<kw name="Select Frame" library="SeleniumLibrary">
<arg>name=packageListFrame</arg>
<doc>Sets frame identified by ``locator`` as the current frame.</doc>
<msg timestamp="20221123 19:22:44.541" level="INFO">Selecting frame 'name=packageListFrame'.</msg>
<status status="PASS" starttime="20221123 19:22:44.540" endtime="20221123 19:22:44.668"/>
</kw>
<kw name="Click Link" library="SeleniumLibrary">
<arg>//a[@href="org/openqa/selenium/package-frame.html"]</arg>
<doc>Clicks a link identified by ``locator``.</doc>
<msg timestamp="20221123 19:22:44.670" level="INFO">Clicking link '//a[@href="org/openqa/selenium/package-frame.html"]'.</msg>
<status status="PASS" starttime="20221123 19:22:44.670" endtime="20221123 19:22:44.779"/>
</kw>
<kw name="Unselect Frame" library="SeleniumLibrary">
<doc>Sets the main frame as the current frame.</doc>
<status status="PASS" starttime="20221123 19:22:44.779" endtime="20221123 19:22:44.783"/>
</kw>
<kw name="Select Frame" library="SeleniumLibrary">
<arg>name=packageFrame</arg>
<doc>Sets frame identified by ``locator`` as the current frame.</doc>
<msg timestamp="20221123 19:22:44.785" level="INFO">Selecting frame 'name=packageFrame'.</msg>
<status status="PASS" starttime="20221123 19:22:44.784" endtime="20221123 19:22:45.066"/>
</kw>
<kw name="Click Link" library="SeleniumLibrary">
<arg>WebDriver</arg>
<doc>Clicks a link identified by ``locator``.</doc>
<msg timestamp="20221123 19:22:45.067" level="INFO">Clicking link 'WebDriver'.</msg>
<status status="PASS" starttime="20221123 19:22:45.067" endtime="20221123 19:22:45.157"/>
</kw>
<kw name="Unselect Frame" library="SeleniumLibrary">
<doc>Sets the main frame as the current frame.</doc>
<status status="PASS" starttime="20221123 19:22:45.157" endtime="20221123 19:22:45.159"/>
</kw>
<kw name="Sleep" library="BuiltIn">
<arg>2</arg>
<doc>Pauses the test executed for the given time.</doc>
<msg timestamp="20221123 19:22:47.173" level="INFO">Slept 2 seconds</msg>
<status status="PASS" starttime="20221123 19:22:45.160" endtime="20221123 19:22:47.173"/>
</kw>
<kw name="Select Frame" library="SeleniumLibrary">
<arg>classFrame</arg>
<doc>Sets frame identified by ``locator`` as the current frame.</doc>
<msg timestamp="20221123 19:22:47.176" level="INFO">Selecting frame 'classFrame'.</msg>
<status status="PASS" starttime="20221123 19:22:47.175" endtime="20221123 19:22:47.226"/>
</kw>
<kw name="Click Link" library="SeleniumLibrary">
<arg>Help</arg>
<doc>Clicks a link identified by ``locator``.</doc>
<msg timestamp="20221123 19:22:47.228" level="INFO">Clicking link 'Help'.</msg>
<status status="PASS" starttime="20221123 19:22:47.227" endtime="20221123 19:22:48.056"/>
</kw>
<kw name="Close Browser" library="SeleniumLibrary">
<doc>Closes the current browser.</doc>
<status status="PASS" starttime="20221123 19:22:48.058" endtime="20221123 19:22:50.304"/>
</kw>
<status status="PASS" starttime="20221123 19:22:38.681" endtime="20221123 19:22:50.305"/>
</test>
<status status="PASS" starttime="20221123 19:22:38.390" endtime="20221123 19:22:50.306"/>
</suite>
<statistics>
<total>
<stat pass="1" fail="0" skip="0">All Tests</stat>
</total>
<tag>
</tag>
<suite>
<stat pass="1" fail="0" skip="0" id="s1" name="Gestioiframe">Gestioiframe</stat>
</suite>
</statistics>
<errors>
</errors>
</robot>
